Flutter crash report; please file at https://github.com/flutter/flutter/issues.

## command

flutter run

## exception

FileSystemException: FileSystemException: Cannot open file, path = '/home/jesus/Documents/cherry/.flutter-plugins' (OS Error: Permission denied, errno = 13)

```
#0      _File.throwIfError (dart:io/file_impl.dart:647)
#1      _File.openSync (dart:io/file_impl.dart:491)
#2      _File.writeAsBytesSync (dart:io/file_impl.dart:616)
#3      _File.writeAsStringSync (dart:io/file_impl.dart:640)
#4      LocalFileSystemEntity&ForwardingFile.writeAsStringSync (package:file/src/forwarding/forwarding_file.dart:147)
#5      _writeFlutterPluginsList (package:flutter_tools/src/plugins.dart:89)
#6      injectPlugins (package:flutter_tools/src/plugins.dart:235)
#7      FlutterProject.ensureReadyForPlatformSpecificTooling (package:flutter_tools/src/project.dart:62)
#8      FlutterCommand.verifyThenRunCommand (package:flutter_tools/src/runner/flutter_command.dart:332)
<asynchronous suspension>
#9      FlutterCommand.run.<anonymous closure> (package:flutter_tools/src/runner/flutter_command.dart:279)
<asynchronous suspension>
#10     AppContext.run.<anonymous closure> (package:flutter_tools/src/base/context.dart:142)
<asynchronous suspension>
#11     _rootRun (dart:async/zone.dart:1126)
#12     _CustomZone.run (dart:async/zone.dart:1023)
#13     runZoned (dart:async/zone.dart:1501)
#14     AppContext.run (package:flutter_tools/src/base/context.dart:141)
<asynchronous suspension>
#15     FlutterCommand.run (package:flutter_tools/src/runner/flutter_command.dart:270)
#16     CommandRunner.runCommand (package:args/command_runner.dart:194)
<asynchronous suspension>
#17     FlutterCommandRunner.runCommand.<anonymous closure> (package:flutter_tools/src/runner/flutter_command_runner.dart:309)
<asynchronous suspension>
#18     AppContext.run.<anonymous closure> (package:flutter_tools/src/base/context.dart:142)
<asynchronous suspension>
#19     _rootRun (dart:async/zone.dart:1126)
#20     _CustomZone.run (dart:async/zone.dart:1023)
#21     runZoned (dart:async/zone.dart:1501)
#22     AppContext.run (package:flutter_tools/src/base/context.dart:141)
<asynchronous suspension>
#23     FlutterCommandRunner.runCommand (package:flutter_tools/src/runner/flutter_command_runner.dart:265)
<asynchronous suspension>
#24     CommandRunner.run.<anonymous closure> (package:args/command_runner.dart:109)
#25     new Future.sync (dart:async/future.dart:222)
#26     CommandRunner.run (package:args/command_runner.dart:109)
#27     FlutterCommandRunner.run (package:flutter_tools/src/runner/flutter_command_runner.dart:174)
#28     run.<anonymous closure> (package:flutter_tools/runner.dart:59)
<asynchronous suspension>
#29     AppContext.run.<anonymous closure> (package:flutter_tools/src/base/context.dart:142)
<asynchronous suspension>
#30     _rootRun (dart:async/zone.dart:1126)
#31     _CustomZone.run (dart:async/zone.dart:1023)
#32     runZoned (dart:async/zone.dart:1501)
#33     AppContext.run (package:flutter_tools/src/base/context.dart:141)
<asynchronous suspension>
#34     runInContext (package:flutter_tools/src/context_runner.dart:43)
<asynchronous suspension>
#35     run (package:flutter_tools/runner.dart:50)
#36     main (package:flutter_tools/executable.dart:49)
<asynchronous suspension>
#37     main (file:///b/build/slave/Linux_Flutter_Packaging/build/archive/flutter/packages/flutter_tools/bin/flutter_tools.dart:8)
#38     _startIsolate.<anonymous closure> (dart:isolate-patch/dart:isolate/isolate_patch.dart:277)
#39     _RawReceivePortImpl._handleMessage (dart:isolate-patch/dart:isolate/isolate_patch.dart:165)
```

## flutter doctor

```
[✓] Flutter (Channel beta, v0.5.1, on Linux, locale en_US.UTF-8)
    • Flutter version 0.5.1 at /opt/flutter
    • Framework revision c7ea3ca377 (5 weeks ago), 2018-05-29 21:07:33 +0200
    • Engine revision 1ed25ca7b7
    • Dart version 2.0.0-dev.58.0.flutter-f981f09760

[!] Android toolchain - develop for Android devices (Android SDK 28.0.0)
    • Android SDK at /home/jesus/Android/Sdk
    • Android NDK location not configured (optional; useful for native profiling support)
    • Platform android-27, build-tools 28.0.0
    • Java binary at: /opt/android-studio/jre/bin/java
    • Java version OpenJDK Runtime Environment (build 1.8.0_152-release-1024-b01)
    ! Some Android licenses not accepted.  To resolve this, run: flutter doctor --android-licenses

[✓] Android Studio (version 3.1)
    • Android Studio at /opt/android-studio
    • Flutter plugin version 26.0.1
    • Dart plugin version 173.4700
    • Java version OpenJDK Runtime Environment (build 1.8.0_152-release-1024-b01)

[✓] Connected devices (1 available)
    • ONEPLUS A3003 • 8a587cb2 • android-arm64 • Android 8.0.0 (API 26)

! Doctor found issues in 1 category.
```
